c:\users\эмиль\desktop\лабораторная работа №1\задача дирихле1\задача дирихле\x64\debug\задача дирихле.pch
c:\users\эмиль\desktop\лабораторная работа №1\задача дирихле1\задача дирихле\x64\debug\vc141.pdb
c:\users\эмиль\desktop\лабораторная работа №1\задача дирихле1\задача дирихле\x64\debug\pch.obj
c:\users\эмиль\desktop\лабораторная работа №1\задача дирихле1\задача дирихле\x64\debug\form1.obj
c:\users\эмиль\desktop\лабораторная работа №1\задача дирихле1\задача дирихле\x64\debug\cppclr_winformsprojekt.obj
c:\users\эмиль\desktop\лабораторная работа №1\задача дирихле1\задача дирихле\x64\debug\assemblyinfo.obj
c:\users\эмиль\desktop\лабораторная работа №1\задача дирихле1\задача дирихле\x64\debug\.netframework,version=v4.0.assemblyattributes.obj
c:\users\эмиль\desktop\лабораторная работа №1\задача дирихле1\задача дирихле\x64\debug\.netframework,version=v4.0.assemblyattributes.asm
c:\users\эмиль\desktop\лабораторная работа №1\задача дирихле1\x64\debug\задача дирихле.exe
c:\users\эмиль\desktop\лабораторная работа №1\задача дирихле1\x64\debug\задача дирихле.pdb
c:\users\эмиль\desktop\лабораторная работа №1\задача дирихле1\задача дирихле\x64\debug\app.res
c:\users\эмиль\desktop\лабораторная работа №1\задача дирихле1\задача дирихле\x64\debug\задача_дирихле.form1.resources
c:\users\эмиль\desktop\лабораторная работа №1\задача дирихле1\задача дирихле\x64\debug\задача дирихле.vcxproj.generateresource.cache
c:\users\эмиль\desktop\лабораторная работа №1\задача дирихле1\задача дирихле\x64\debug\задача дирихле.vcxprojassemblyreference.cache
c:\users\эмиль\desktop\лабораторная работа №1\задача дирихле1\задача дирихле\x64\debug\задача дирихле.tlog\cl.command.1.tlog
c:\users\эмиль\desktop\лабораторная работа №1\задача дирихле1\задача дирихле\x64\debug\задача дирихле.tlog\cl.read.1.tlog
c:\users\эмиль\desktop\лабораторная работа №1\задача дирихле1\задача дирихле\x64\debug\задача дирихле.tlog\cl.write.1.tlog
c:\users\эмиль\desktop\лабораторная работа №1\задача дирихле1\задача дирихле\x64\debug\задача дирихле.tlog\link.command.1.tlog
c:\users\эмиль\desktop\лабораторная работа №1\задача дирихле1\задача дирихле\x64\debug\задача дирихле.tlog\link.read.1.tlog
c:\users\эмиль\desktop\лабораторная работа №1\задача дирихле1\задача дирихле\x64\debug\задача дирихле.tlog\link.write.1.tlog
c:\users\эмиль\desktop\лабораторная работа №1\задача дирихле1\задача дирихле\x64\debug\задача дирихле.tlog\metagen.read.1.tlog
c:\users\эмиль\desktop\лабораторная работа №1\задача дирихле1\задача дирихле\x64\debug\задача дирихле.tlog\metagen.write.1.tlog
c:\users\эмиль\desktop\лабораторная работа №1\задача дирихле1\задача дирихле\x64\debug\задача дирихле.tlog\rc.command.1.tlog
c:\users\эмиль\desktop\лабораторная работа №1\задача дирихле1\задача дирихле\x64\debug\задача дирихле.tlog\rc.read.1.tlog
c:\users\эмиль\desktop\лабораторная работа №1\задача дирихле1\задача дирихле\x64\debug\задача дирихле.tlog\rc.write.1.tlog
c:\users\эмиль\desktop\лабораторная работа №1\задача дирихле1\задача дирихле\x64\debug\задача дирихле.tlog\задача дирихле.write.1u.tlog
